This is pdfTeX, Version 3.14159265-2.6-1.40.18 (MiKTeX 2.9.6600 64-bit) (preloaded format=pdflatex 2018.3.8)  20 DEC 2018 12:45
entering extended mode
**./debruijn.tex
(debruijn.tex
LaTeX2e <2017-04-15>
Babel <3.17> and hyphenation patterns for 75 language(s) loaded.
("C:\Program Files\MiKTeX 2.9\tex\latex\amscls\amsart.cls"
Document Class: amsart 2017/10/31 v2.20.4
\linespacing=\dimen102
\normalparindent=\dimen103
\normaltopskip=\skip41
("C:\Program Files\MiKTeX 2.9\tex\latex\amsmath\amsmath.sty"
Package: amsmath 2017/09/02 v2.17a AMS math features
\@mathmargin=\skip42

For additional information on amsmath, use the `?' option.
("C:\Program Files\MiKTeX 2.9\tex\latex\amsmath\amstext.sty"
Package: amstext 2000/06/29 v2.01 AMS text
 ("C:\Program Files\MiKTeX 2.9\tex\latex\amsmath\amsgen.sty"
File: amsgen.sty 1999/11/30 v2.0 generic functions
\@emptytoks=\toks14
\ex@=\dimen104
)) ("C:\Program Files\MiKTeX 2.9\tex\latex\amsmath\amsbsy.sty"
Package: amsbsy 1999/11/29 v1.2d Bold Symbols
\pmbraise@=\dimen105
)
("C:\Program Files\MiKTeX 2.9\tex\latex\amsmath\amsopn.sty"
Package: amsopn 2016/03/08 v2.02 operator names
)
\inf@bad=\count79
LaTeX Info: Redefining \frac on input line 213.
\uproot@=\count80
\leftroot@=\count81
LaTeX Info: Redefining \overline on input line 375.
\classnum@=\count82
\DOTSCASE@=\count83
LaTeX Info: Redefining \ldots on input line 472.
LaTeX Info: Redefining \dots on input line 475.
LaTeX Info: Redefining \cdots on input line 596.
\Mathstrutbox@=\box26
\strutbox@=\box27
\big@size=\dimen106
LaTeX Font Info:    Redeclaring font encoding OML on input line 712.
LaTeX Font Info:    Redeclaring font encoding OMS on input line 713.
\macc@depth=\count84
\c@MaxMatrixCols=\count85
\dotsspace@=\muskip10
\c@parentequation=\count86
\dspbrk@lvl=\count87
\tag@help=\toks15
\row@=\count88
\column@=\count89
\maxfields@=\count90
\andhelp@=\toks16
\eqnshift@=\dimen107
\alignsep@=\dimen108
\tagshift@=\dimen109
\tagwidth@=\dimen110
\totwidth@=\dimen111
\lineht@=\dimen112
\@envbody=\toks17
\multlinegap=\skip43
\multlinetaggap=\skip44
\mathdisplay@stack=\toks18
LaTeX Info: Redefining \[ on input line 2817.
LaTeX Info: Redefining \] on input line 2818.
)
LaTeX Font Info:    Try loading font information for U+msa on input line 398.
 ("C:\Program Files\MiKTeX 2.9\tex\latex\amsfonts\umsa.fd"
File: umsa.fd 2013/01/14 v3.01 AMS symbols A
) ("C:\Program Files\MiKTeX 2.9\tex\latex\amsfonts\amsfonts.sty"
Package: amsfonts 2013/01/14 v3.01 Basic AMSFonts support
\symAMSa=\mathgroup4
\symAMSb=\mathgroup5
LaTeX Font Info:    Overwriting math alphabet `\mathfrak' in version `bold'
(Font)                  U/euf/m/n --> U/euf/b/n on input line 106.
)
\copyins=\insert199
\abstractbox=\box28
\listisep=\skip45
\c@part=\count91
\c@section=\count92
\c@subsection=\count93
\c@subsubsection=\count94
\c@paragraph=\count95
\c@subparagraph=\count96
\c@figure=\count97
\c@table=\count98
\abovecaptionskip=\skip46
\belowcaptionskip=\skip47
\captionindent=\dimen113
\thm@style=\toks19
\thm@bodyfont=\toks20
\thm@headfont=\toks21
\thm@notefont=\toks22
\thm@headpunct=\toks23
\thm@preskip=\skip48
\thm@postskip=\skip49
\thm@headsep=\skip50
\dth@everypar=\toks24
)
("C:\Program Files\MiKTeX 2.9\tex\latex\geometry\geometry.sty"
Package: geometry 2010/09/12 v5.6 Page Geometry

("C:\Program Files\MiKTeX 2.9\tex\latex\graphics\keyval.sty"
Package: keyval 2014/10/28 v1.15 key=value parser (DPC)
\KV@toks@=\toks25
)
("C:\Program Files\MiKTeX 2.9\tex\generic\oberdiek\ifpdf.sty"
Package: ifpdf 2017/03/15 v3.2 Provides the ifpdf switch
)
("C:\Program Files\MiKTeX 2.9\tex\generic\oberdiek\ifvtex.sty"
Package: ifvtex 2016/05/16 v1.6 Detect VTeX and its facilities (HO)
Package ifvtex Info: VTeX not detected.
)
("C:\Program Files\MiKTeX 2.9\tex\generic\ifxetex\ifxetex.sty"
Package: ifxetex 2010/09/12 v0.6 Provides ifxetex conditional
)
\Gm@cnth=\count99
\Gm@cntv=\count100
\c@Gm@tempcnt=\count101
\Gm@bindingoffset=\dimen114
\Gm@wd@mp=\dimen115
\Gm@odd@mp=\dimen116
\Gm@even@mp=\dimen117
\Gm@layoutwidth=\dimen118
\Gm@layoutheight=\dimen119
\Gm@layouthoffset=\dimen120
\Gm@layoutvoffset=\dimen121
\Gm@dimlist=\toks26

("C:\Program Files\MiKTeX 2.9\tex\latex\geometry\geometry.cfg"))
("C:\Program Files\MiKTeX 2.9\tex\latex\amsfonts\amssymb.sty"
Package: amssymb 2013/01/14 v3.01 AMS font symbols
) ("C:\Program Files\MiKTeX 2.9\tex\latex\base\latexsym.sty"
Package: latexsym 1998/08/17 v2.2e Standard LaTeX package (lasy symbols)
\symlasy=\mathgroup6
LaTeX Font Info:    Overwriting symbol font `lasy' in version `bold'
(Font)                  U/lasy/m/n --> U/lasy/b/n on input line 52.
) ("C:\Program Files\MiKTeX 2.9\tex\latex\tools\verbatim.sty"
Package: verbatim 2014/10/28 v1.5q LaTeX2e package for verbatim enhancements
\every@verbatim=\toks27
\verbatim@line=\toks28
\verbatim@in@stream=\read1
)
("C:\Program Files\MiKTeX 2.9\tex\latex\tools\enumerate.sty"
Package: enumerate 2015/07/23 v3.00 enumerate extensions (DPC)
\@enLab=\toks29
) ("C:\Program Files\MiKTeX 2.9\tex\latex\comment\comment.sty"
\CommentStream=\write3
 Excluding comment 'comment') ("C:\Program Files\MiKTeX 2.9\tex\latex\txfonts\txfonts.sty"
Package: txfonts 2008/01/22 v3.2.1
LaTeX Font Info:    Redeclaring symbol font `operators' on input line 21.
LaTeX Font Info:    Overwriting symbol font `operators' in version `normal'
(Font)                  OT1/cmr/m/n --> OT1/txr/m/n on input line 21.
LaTeX Font Info:    Overwriting symbol font `operators' in version `bold'
(Font)                  OT1/cmr/bx/n --> OT1/txr/m/n on input line 21.
LaTeX Font Info:    Overwriting symbol font `operators' in version `bold'
(Font)                  OT1/txr/m/n --> OT1/txr/bx/n on input line 22.
\symitalic=\mathgroup7
LaTeX Font Info:    Overwriting symbol font `italic' in version `bold'
(Font)                  OT1/txr/m/it --> OT1/txr/bx/it on input line 26.
LaTeX Font Info:    Redeclaring math alphabet \mathbf on input line 29.
LaTeX Font Info:    Overwriting math alphabet `\mathbf' in version `normal'
(Font)                  OT1/cmr/bx/n --> OT1/txr/bx/n on input line 29.
LaTeX Font Info:    Overwriting math alphabet `\mathbf' in version `bold'
(Font)                  OT1/cmr/bx/n --> OT1/txr/bx/n on input line 29.
LaTeX Font Info:    Redeclaring math alphabet \mathit on input line 30.
LaTeX Font Info:    Overwriting math alphabet `\mathit' in version `normal'
(Font)                  OT1/cmr/m/it --> OT1/txr/m/it on input line 30.
LaTeX Font Info:    Overwriting math alphabet `\mathit' in version `bold'
(Font)                  OT1/cmr/bx/it --> OT1/txr/m/it on input line 30.
LaTeX Font Info:    Overwriting math alphabet `\mathit' in version `bold'
(Font)                  OT1/txr/m/it --> OT1/txr/bx/it on input line 31.
LaTeX Font Info:    Redeclaring math alphabet \mathsf on input line 40.
LaTeX Font Info:    Overwriting math alphabet `\mathsf' in version `normal'
(Font)                  OT1/cmss/m/n --> OT1/txss/m/n on input line 40.
LaTeX Font Info:    Overwriting math alphabet `\mathsf' in version `bold'
(Font)                  OT1/cmss/bx/n --> OT1/txss/m/n on input line 40.
LaTeX Font Info:    Overwriting math alphabet `\mathsf' in version `bold'
(Font)                  OT1/txss/m/n --> OT1/txss/b/n on input line 41.
LaTeX Font Info:    Redeclaring math alphabet \mathtt on input line 50.
LaTeX Font Info:    Overwriting math alphabet `\mathtt' in version `normal'
(Font)                  OT1/cmtt/m/n --> OT1/txtt/m/n on input line 50.
LaTeX Font Info:    Overwriting math alphabet `\mathtt' in version `bold'
(Font)                  OT1/cmtt/m/n --> OT1/txtt/m/n on input line 50.
LaTeX Font Info:    Overwriting math alphabet `\mathtt' in version `bold'
(Font)                  OT1/txtt/m/n --> OT1/txtt/b/n on input line 51.
LaTeX Font Info:    Redeclaring symbol font `letters' on input line 58.
LaTeX Font Info:    Overwriting symbol font `letters' in version `normal'
(Font)                  OML/cmm/m/it --> OML/txmi/m/it on input line 58.
LaTeX Font Info:    Overwriting symbol font `letters' in version `bold'
(Font)                  OML/cmm/b/it --> OML/txmi/m/it on input line 58.
LaTeX Font Info:    Overwriting symbol font `letters' in version `bold'
(Font)                  OML/txmi/m/it --> OML/txmi/bx/it on input line 59.
\symlettersA=\mathgroup8
LaTeX Font Info:    Overwriting symbol font `lettersA' in version `bold'
(Font)                  U/txmia/m/it --> U/txmia/bx/it on input line 67.
LaTeX Font Info:    Redeclaring math alphabet \mathfrak on input line 70.
LaTeX Font Info:    Redeclaring symbol font `symbols' on input line 77.
LaTeX Font Info:    Overwriting symbol font `symbols' in version `normal'
(Font)                  OMS/cmsy/m/n --> OMS/txsy/m/n on input line 77.
LaTeX Font Info:    Overwriting symbol font `symbols' in version `bold'
(Font)                  OMS/cmsy/b/n --> OMS/txsy/m/n on input line 77.
LaTeX Font Info:    Overwriting symbol font `symbols' in version `bold'
(Font)                  OMS/txsy/m/n --> OMS/txsy/bx/n on input line 78.
LaTeX Font Info:    Redeclaring symbol font `AMSa' on input line 93.
LaTeX Font Info:    Overwriting symbol font `AMSa' in version `normal'
(Font)                  U/msa/m/n --> U/txsya/m/n on input line 93.
LaTeX Font Info:    Overwriting symbol font `AMSa' in version `bold'
(Font)                  U/msa/m/n --> U/txsya/m/n on input line 93.
LaTeX Font Info:    Overwriting symbol font `AMSa' in version `bold'
(Font)                  U/txsya/m/n --> U/txsya/bx/n on input line 94.
LaTeX Font Info:    Redeclaring symbol font `AMSb' on input line 102.
LaTeX Font Info:    Overwriting symbol font `AMSb' in version `normal'
(Font)                  U/msb/m/n --> U/txsyb/m/n on input line 102.
LaTeX Font Info:    Overwriting symbol font `AMSb' in version `bold'
(Font)                  U/msb/m/n --> U/txsyb/m/n on input line 102.
LaTeX Font Info:    Overwriting symbol font `AMSb' in version `bold'
(Font)                  U/txsyb/m/n --> U/txsyb/bx/n on input line 103.
\symsymbolsC=\mathgroup9
LaTeX Font Info:    Overwriting symbol font `symbolsC' in version `bold'
(Font)                  U/txsyc/m/n --> U/txsyc/bx/n on input line 113.
LaTeX Font Info:    Redeclaring symbol font `largesymbols' on input line 120.
LaTeX Font Info:    Overwriting symbol font `largesymbols' in version `normal'
(Font)                  OMX/cmex/m/n --> OMX/txex/m/n on input line 120.
LaTeX Font Info:    Overwriting symbol font `largesymbols' in version `bold'
(Font)                  OMX/cmex/m/n --> OMX/txex/m/n on input line 120.
LaTeX Font Info:    Overwriting symbol font `largesymbols' in version `bold'
(Font)                  OMX/txex/m/n --> OMX/txex/bx/n on input line 121.
\symlargesymbolsA=\mathgroup10
LaTeX Font Info:    Overwriting symbol font `largesymbolsA' in version `bold'
(Font)                  U/txexa/m/n --> U/txexa/bx/n on input line 129.
LaTeX Info: Redefining \not on input line 1043.
LaTeX Info: Redefining \textsquare on input line 1063.
LaTeX Info: Redefining \openbox on input line 1064.
)
("C:\Program Files\MiKTeX 2.9\tex\latex\mathtools\mathtools.sty"
Package: mathtools 2018/01/08 v1.21 mathematical typesetting tools
 ("C:\Program Files\MiKTeX 2.9\tex\latex\tools\calc.sty"
Package: calc 2014/10/28 v4.3 Infix arithmetic (KKT,FJ)
\calc@Acount=\count102
\calc@Bcount=\count103
\calc@Adimen=\dimen122
\calc@Bdimen=\dimen123
\calc@Askip=\skip51
\calc@Bskip=\skip52
LaTeX Info: Redefining \setlength on input line 80.
LaTeX Info: Redefining \addtolength on input line 81.
\calc@Ccount=\count104
\calc@Cskip=\skip53
) ("C:\Program Files\MiKTeX 2.9\tex\latex\mathtools\mhsetup.sty"
Package: mhsetup 2017/03/31 v1.3 programming setup (MH)
)
LaTeX Info: Thecontrolsequence`\('isalreadyrobust on input line 129.
LaTeX Info: Thecontrolsequence`\)'isalreadyrobust on input line 129.
LaTeX Info: Thecontrolsequence`\['isalreadyrobust on input line 129.
LaTeX Info: Thecontrolsequence`\]'isalreadyrobust on input line 129.
\g_MT_multlinerow_int=\count105
\l_MT_multwidth_dim=\dimen124
\origjot=\skip54
\l_MT_shortvdotswithinadjustabove_dim=\dimen125
\l_MT_shortvdotswithinadjustbelow_dim=\dimen126
\l_MT_above_intertext_sep=\dimen127
\l_MT_below_intertext_sep=\dimen128
\l_MT_above_shortintertext_sep=\dimen129
\l_MT_below_shortintertext_sep=\dimen130
)
("C:\Program Files\MiKTeX 2.9\tex\latex\caption\caption.sty"
Package: caption 2016/02/21 v3.3-144 Customizing captions (AR)
 ("C:\Program Files\MiKTeX 2.9\tex\latex\caption\caption3.sty"
Package: caption3 2016/05/22 v1.7-166 caption3 kernel (AR)
Package caption3 Info: TeX engine: e-TeX on input line 67.
\captionmargin=\dimen131
\captionmargin@=\dimen132
\captionwidth=\dimen133
\caption@tempdima=\dimen134
\caption@indent=\dimen135
\caption@parindent=\dimen136
\caption@hangindent=\dimen137
)
Package caption Info: AMS or SMF document class.
\c@ContinuedFloat=\count106
) ("C:\Program Files\MiKTeX 2.9\tex\latex\booktabs\booktabs.sty"
Package: booktabs 2005/04/14 v1.61803 publication quality tables
\heavyrulewidth=\dimen138
\lightrulewidth=\dimen139
\cmidrulewidth=\dimen140
\belowrulesep=\dimen141
\belowbottomsep=\dimen142
\aboverulesep=\dimen143
\abovetopsep=\dimen144
\cmidrulesep=\dimen145
\cmidrulekern=\dimen146
\defaultaddspace=\dimen147
\@cmidla=\count107
\@cmidlb=\count108
\@aboverulesep=\dimen148
\@belowrulesep=\dimen149
\@thisruleclass=\count109
\@lastruleclass=\count110
\@thisrulewidth=\dimen150
)
("C:\Program Files\MiKTeX 2.9\tex\latex\tools\dcolumn.sty"
Package: dcolumn 2014/10/28 v1.06 decimal alignment package (DPC)
 ("C:\Program Files\MiKTeX 2.9\tex\latex\tools\array.sty"
Package: array 2016/10/06 v2.4d Tabular extension package (FMi)
\col@sep=\dimen151
\extrarowheight=\dimen152
\NC@list=\toks30
\extratabsurround=\skip55
\backup@length=\skip56
))
\c@theorem=\count111

(debruijn.aux)
\openout1 = `debruijn.aux'.

LaTeX Font Info:    Checking defaults for OML/txmi/m/it on input line 90.
LaTeX Font Info:    Try loading font information for OML+txmi on input line 90.
 ("C:\Program Files\MiKTeX 2.9\tex\latex\txfonts\omltxmi.fd"
File: omltxmi.fd 2000/12/15 v3.1
)
LaTeX Font Info:    ... okay on input line 90.
LaTeX Font Info:    Checking defaults for T1/cmr/m/n on input line 90.
LaTeX Font Info:    ... okay on input line 90.
LaTeX Font Info:    Checking defaults for OT1/cmr/m/n on input line 90.
LaTeX Font Info:    ... okay on input line 90.
LaTeX Font Info:    Checking defaults for OMS/txsy/m/n on input line 90.
LaTeX Font Info:    Try loading font information for OMS+txsy on input line 90.

("C:\Program Files\MiKTeX 2.9\tex\latex\txfonts\omstxsy.fd"
File: omstxsy.fd 2000/12/15 v3.1
)
LaTeX Font Info:    ... okay on input line 90.
LaTeX Font Info:    Checking defaults for OMX/txex/m/n on input line 90.
LaTeX Font Info:    Try loading font information for OMX+txex on input line 90.
 ("C:\Program Files\MiKTeX 2.9\tex\latex\txfonts\omxtxex.fd"
File: omxtxex.fd 2000/12/15 v3.1
)
LaTeX Font Info:    ... okay on input line 90.
LaTeX Font Info:    Checking defaults for U/txexa/m/n on input line 90.
LaTeX Font Info:    Try loading font information for U+txexa on input line 90.
 ("C:\Program Files\MiKTeX 2.9\tex\latex\txfonts\utxexa.fd"
File: utxexa.fd 2000/12/15 v3.1
)
LaTeX Font Info:    ... okay on input line 90.
LaTeX Font Info:    Try loading font information for OT1+txr on input line 90.
 ("C:\Program Files\MiKTeX 2.9\tex\latex\txfonts\ot1txr.fd"
File: ot1txr.fd 2000/12/15 v3.1
)
LaTeX Font Info:    Try loading font information for U+txsya on input line 90.
 ("C:\Program Files\MiKTeX 2.9\tex\latex\txfonts\utxsya.fd"
File: utxsya.fd 2000/12/15 v3.1
)
LaTeX Font Info:    Try loading font information for U+txsyb on input line 90.
 ("C:\Program Files\MiKTeX 2.9\tex\latex\txfonts\utxsyb.fd"
File: utxsyb.fd 2000/12/15 v3.1
)
LaTeX Font Info:    Try loading font information for U+lasy on input line 90.
 ("C:\Program Files\MiKTeX 2.9\tex\latex\base\ulasy.fd"
File: ulasy.fd 1998/08/17 v2.2e LaTeX symbol font definitions
)
LaTeX Font Info:    Try loading font information for U+txmia on input line 90.
 ("C:\Program Files\MiKTeX 2.9\tex\latex\txfonts\utxmia.fd"
File: utxmia.fd 2000/12/15 v3.1
)
LaTeX Font Info:    Try loading font information for U+txsyc on input line 90.

("C:\Program Files\MiKTeX 2.9\tex\latex\txfonts\utxsyc.fd"
File: utxsyc.fd 2000/12/15 v3.1
)
*geometry* driver: auto-detecting
*geometry* detected driver: pdftex
*geometry* verbose mode - [ preamble ] result:
* driver: pdftex
* paper: a4paper
* layout: <same size as paper>
* layoutoffset:(h,v)=(0.0pt,0.0pt)
* modes: twoside 
* h-part:(L,W,R)=(71.70166pt, 418.25368pt, 107.55254pt)
* v-part:(T,H,B)=(101.40665pt, 591.5302pt, 152.11pt)
* \paperwidth=597.50787pt
* \paperheight=845.04684pt
* \textwidth=418.25368pt
* \textheight=591.5302pt
* \oddsidemargin=-0.56833pt
* \evensidemargin=-0.56833pt
* \topmargin=7.13666pt
* \headheight=8.0pt
* \headsep=14.0pt
* \topskip=10.0pt
* \footskip=12.0pt
* \marginparwidth=90.0pt
* \marginparsep=11.0pt
* \columnsep=10.0pt
* \skip\footins=7.0pt plus 11.0pt
* \hoffset=0.0pt
* \voffset=0.0pt
* \mag=1000
* \@twocolumnfalse
* \@twosidetrue
* \@mparswitchtrue
* \@reversemarginfalse
* (1in=72.27pt=25.4mm, 1cm=28.453pt)

("C:\Program Files\MiKTeX 2.9\tex\latex\graphics\graphicx.sty"
Package: graphicx 2017/06/01 v1.1a Enhanced LaTeX Graphics (DPC,SPQR)

("C:\Program Files\MiKTeX 2.9\tex\latex\graphics\graphics.sty"
Package: graphics 2017/06/25 v1.2c Standard LaTeX Graphics (DPC,SPQR)
 ("C:\Program Files\MiKTeX 2.9\tex\latex\graphics\trig.sty"
Package: trig 2016/01/03 v1.10 sin cos tan (DPC)
) ("C:\Program Files\MiKTeX 2.9\tex\latex\graphics-cfg\graphics.cfg"
File: graphics.cfg 2016/06/04 v1.11 sample graphics configuration
)
Package graphics Info: Driver file: pdftex.def on input line 99.

("C:\Program Files\MiKTeX 2.9\tex\latex\graphics-def\pdftex.def"
File: pdftex.def 2018/01/08 v1.0l Graphics/color driver for pdftex

("C:\Program Files\MiKTeX 2.9\tex\context\base\supp-pdf.mkii"
[Loading MPS to PDF converter (version 2006.09.02).]
\scratchcounter=\count112
\scratchdimen=\dimen153
\scratchbox=\box29
\nofMPsegments=\count113
\nofMParguments=\count114
\everyMPshowfont=\toks31
\MPscratchCnt=\count115
\MPscratchDim=\dimen154
\MPnumerator=\count116
\makeMPintoPDFobject=\count117
\everyMPtoPDFconversion=\toks32
))) ("C:\Program Files\MiKTeX 2.9\tex\latex\oberdiek\epstopdf-base.sty"
Package: epstopdf-base 2016/05/15 v2.6 Base part for package epstopdf

("C:\Program Files\MiKTeX 2.9\tex\generic\oberdiek\infwarerr.sty"
Package: infwarerr 2016/05/16 v1.4 Providing info/warning/error messages (HO)
)
("C:\Program Files\MiKTeX 2.9\tex\latex\oberdiek\grfext.sty"
Package: grfext 2016/05/16 v1.2 Manage graphics extensions (HO)

("C:\Program Files\MiKTeX 2.9\tex\generic\oberdiek\kvdefinekeys.sty"
Package: kvdefinekeys 2016/05/16 v1.4 Define keys (HO)

("C:\Program Files\MiKTeX 2.9\tex\generic\oberdiek\ltxcmds.sty"
Package: ltxcmds 2016/05/16 v1.23 LaTeX kernel commands for general use (HO)
)))
("C:\Program Files\MiKTeX 2.9\tex\latex\oberdiek\kvoptions.sty"
Package: kvoptions 2016/05/16 v3.12 Key value format for package options (HO)

("C:\Program Files\MiKTeX 2.9\tex\generic\oberdiek\kvsetkeys.sty"
Package: kvsetkeys 2016/05/16 v1.17 Key value parser (HO)

("C:\Program Files\MiKTeX 2.9\tex\generic\oberdiek\etexcmds.sty"
Package: etexcmds 2016/05/16 v1.6 Avoid name clashes with e-TeX commands (HO)

("C:\Program Files\MiKTeX 2.9\tex\generic\oberdiek\ifluatex.sty"
Package: ifluatex 2016/05/16 v1.4 Provides the ifluatex switch (HO)
Package ifluatex Info: LuaTeX not detected.
)
Package etexcmds Info: Could not find \expanded.
(etexcmds)             That can mean that you are not using pdfTeX 1.50 or
(etexcmds)             that some package has redefined \expanded.
(etexcmds)             In the latter case, load this package earlier.
)))
("C:\Program Files\MiKTeX 2.9\tex\generic\oberdiek\pdftexcmds.sty"
Package: pdftexcmds 2018/01/21 v0.26 Utility functions of pdfTeX for LuaTeX (HO)
Package pdftexcmds Info: LuaTeX not detected.
Package pdftexcmds Info: \pdf@primitive is available.
Package pdftexcmds Info: \pdf@ifprimitive is available.
Package pdftexcmds Info: \pdfdraftmode found.
)
Package epstopdf-base Info: Redefining graphics rule for `.eps' on input line 438.
Package grfext Info: Graphics extension search list:
(grfext)             [.pdf,.png,.jpg,.mps,.jpeg,.jbig2,.jb2,.PDF,.PNG,.JPG,.JPEG,.JBIG2,.JB2,.eps]
(grfext)             \AppendGraphicsExtensions on input line 456.
)
\Gin@req@height=\dimen155
\Gin@req@width=\dimen156
)
Package caption Info: Begin \AtBeginDocument code.
Package caption Info: End \AtBeginDocument code.
 (intro.tex

LaTeX Warning: Citation `titch' on page 1 undefined on input line 14.

[1{C:/Users/teort/AppData/Local/MiKTeX/2.9/pdftex/config/pdftex.map}]

LaTeX Warning: Citation `debr' on page 2 undefined on input line 22.


LaTeX Warning: Citation `csv' on page 2 undefined on input line 26.


LaTeX Warning: Citation `polya' on page 2 undefined on input line 27.


LaTeX Warning: Citation `newman' on page 2 undefined on input line 27.


LaTeX Warning: Citation `brad' on page 2 undefined on input line 27.


LaTeX Warning: Citation `newman' on page 2 undefined on input line 27.


LaTeX Warning: Citation `cnv' on page 2 undefined on input line 27.


LaTeX Warning: Citation `nrv' on page 2 undefined on input line 27.


LaTeX Warning: Citation `crv' on page 2 undefined on input line 27.


LaTeX Warning: Citation `cosv' on page 2 undefined on input line 27.


LaTeX Warning: Citation `odlyzko' on page 2 undefined on input line 27.


LaTeX Warning: Citation `saouter' on page 2 undefined on input line 27.


LaTeX Warning: Citation `kkl' on page 2 undefined on input line 27.


LaTeX Warning: Citation `debr' on page 2 undefined on input line 27.


LaTeX Warning: Reference `new-upper' on page 2 undefined on input line 34.


LaTeX Warning: Reference `dynamics-sec' on page 2 undefined on input line 34.


LaTeX Warning: Reference `barrier-fig' on page 2 undefined on input line 45.


LaTeX Warning: Reference `debr-bound' on page 2 undefined on input line 45.


LaTeX Warning: Reference `ubc-0' on page 2 undefined on input line 47.

[2]
<Barrier_approach.png, id=18, 1388.18625pt x 655.44875pt>
File: Barrier_approach.png Graphic file (type png)
<use Barrier_approach.png>
Package pdftex.def Info: Barrier_approach.png  used on input line 51.
(pdftex.def)             Requested size: 376.42575pt x 177.73363pt.


LaTeX Warning: Reference `ubc-0' on page 3 undefined on input line 52.


LaTeX Warning: Reference `ubc-0' on page 3 undefined on input line 52.


LaTeX Warning: Reference `new-upper' on page 3 undefined on input line 56.


LaTeX Warning: Reference `ubc-0' on page 3 undefined on input line 56.


LaTeX Warning: Citation `platt' on page 3 undefined on input line 56.


LaTeX Warning: Reference `euler' on page 3 undefined on input line 56.


LaTeX Warning: Reference `new-upper' on page 3 undefined on input line 56.


LaTeX Warning: Citation `platt' on page 3 undefined on input line 56.


LaTeX Warning: Reference `further-sec' on page 3 undefined on input line 56.

[3 <./Barrier_approach.png>]

LaTeX Warning: Reference `sas' on page 4 undefined on input line 64.


LaTeX Warning: Reference `loghtandlogbt' on page 4 undefined on input line 64.


LaTeX Warning: Reference `hoz' on page 4 undefined on input line 68.


LaTeX Warning: Reference `sas' on page 4 undefined on input line 68.


LaTeX Warning: Reference `region' on page 4 undefined on input line 89.


LaTeX Warning: Reference `region' on page 4 undefined on input line 93.


LaTeX Warning: Reference `ht-bt' on page 4 undefined on input line 97.


LaTeX Warning: Reference `limx' on page 4 undefined on input line 97.

<ftvsht.png, id=24, 1281.78876pt x 483.8075pt>
File: ftvsht.png Graphic file (type png)
<use ftvsht.png>
Package pdftex.def Info: ftvsht.png  used on input line 100.
(pdftex.def)             Requested size: 418.25368pt x 157.86307pt.

LaTeX Warning: `!h' float specifier changed to `!ht'.

<loghtbt.png, id=25, 564.4287pt x 424.2249pt>
File: loghtbt.png Graphic file (type png)
<use loghtbt.png>
Package pdftex.def Info: loghtbt.png  used on input line 106.
(pdftex.def)             Requested size: 334.60422pt x 251.4945pt.

LaTeX Warning: `!h' float specifier changed to `!ht'.

[4]

LaTeX Warning: Reference `region' on page 5 undefined on input line 114.

[5 <./ftvsht.png> <./loghtbt.png>]

LaTeX Warning: Reference `ea-def' on page 6 undefined on input line 127.


LaTeX Warning: Reference `ec-def' on page 6 undefined on input line 127.


LaTeX Warning: Reference `initial-sec' on page 6 undefined on input line 137.


LaTeX Warning: Reference `htft' on page 6 undefined on input line 137.


LaTeX Warning: Reference `htft-2' on page 6 undefined on input line 137.


LaTeX Warning: Reference `heatflow-sec' on page 6 undefined on input line 137.

<ft_vs_HtdivBt_y_09.png, id=34, 1592.95125pt x 601.24625pt>
File: ft_vs_HtdivBt_y_09.png Graphic file (type png)
<use ft_vs_HtdivBt_y_09.png>
Package pdftex.def Info: ft_vs_HtdivBt_y_09.png  used on input line 140.
(pdftex.def)             Requested size: 418.25368pt x 157.8616pt.

LaTeX Warning: `!h' float specifier changed to `!ht'.

<ft_vs_HtdivBt_y_0.png, id=35, 1599.9775pt x 624.3325pt>
File: ft_vs_HtdivBt_y_0.png Graphic file (type png)
<use ft_vs_HtdivBt_y_0.png>
Package pdftex.def Info: ft_vs_HtdivBt_y_0.png  used on input line 146.
(pdftex.def)             Requested size: 418.25368pt x 163.20859pt.

LaTeX Warning: `!h' float specifier changed to `!ht'.

<ft_min_Ht_vs_errorterms.png, id=36, 565.8741pt x 422.7795pt>
File: ft_min_Ht_vs_errorterms.png Graphic file (type png)
<use ft_min_Ht_vs_errorterms.png>
Package pdftex.def Info: ft_min_Ht_vs_errorterms.png  used on input line 152.
(pdftex.def)             Requested size: 334.60422pt x 249.99898pt.

LaTeX Warning: `!h' float specifier changed to `!ht'.

<eA_eB_eC_errorbounds.png, id=37, 1590.94376pt x 651.43375pt>
File: eA_eB_eC_errorbounds.png Graphic file (type png)
<use eA_eB_eC_errorbounds.png>
Package pdftex.def Info: eA_eB_eC_errorbounds.png  used on input line 158.
(pdftex.def)             Requested size: 418.25368pt x 171.25739pt.

LaTeX Warning: `!h' float specifier changed to `!ht'.


LaTeX Warning: Reference `ratio-form-eff' on page 6 undefined on input line 163.


LaTeX Warning: Reference `region' on page 6 undefined on input line 165.


LaTeX Warning: Reference `eff' on page 6 undefined on input line 165.

[6]
Underfull \vbox (badness 4686) has occurred while \output is active []

 [7 <./ft_vs_HtdivBt_y_09.png> <./ft_vs_HtdivBt_y_0.png>]
Overfull \vbox (15.12733pt too high) has occurred while \output is active []

 [8 <./ft_min_Ht_vs_errorterms.png> <./eA_eB_eC_errorbounds.png>]

LaTeX Warning: Reference `limx' on page 9 undefined on input line 179.


LaTeX Warning: Reference `region' on page 9 undefined on input line 179.


LaTeX Warning: Reference `ubc-0' on page 9 undefined on input line 179.


LaTeX Warning: Reference `ratio-form-refined' on page 9 undefined on input line 179.


LaTeX Warning: Reference `htft-c' on page 9 undefined on input line 179.

<Extra_RS_term.png, id=52, 777.90625pt x 580.1675pt>
File: Extra_RS_term.png Graphic file (type png)
<use Extra_RS_term.png>
Package pdftex.def Info: Extra_RS_term.png  used on input line 182.
(pdftex.def)             Requested size: 250.95476pt x 187.16232pt.

LaTeX Warning: Reference `new-upper' on page 9 undefined on input line 187.


LaTeX Warning: Reference `eff' on page 9 undefined on input line 187.


LaTeX Warning: Reference `zero-test' on page 9 undefined on input line 187.


LaTeX Warning: Reference `region' on page 9 undefined on input line 187.


LaTeX Warning: Citation `kkl' on page 9 undefined on input line 187.


LaTeX Warning: Reference `asymptotic-sec' on page 9 undefined on input line 187.

[9 <./Extra_RS_term.png>]

LaTeX Warning: Reference `lip' on page 10 undefined on input line 211.

<Integerconvergence_t_and_x_direction.png, id=58, 1291.82625pt x 503.8825pt>
File: Integerconvergence_t_and_x_direction.png Graphic file (type png)
<use Integerconvergence_t_and_x_direction.png>
Package pdftex.def Info: Integerconvergence_t_and_x_direction.png  used on input line 218.
(pdftex.def)             Requested size: 418.25368pt x 163.13708pt.

LaTeX Warning: Reference `Zero' on page 10 undefined on input line 223.


LaTeX Warning: Citation `kkl' on page 10 undefined on input line 223.


LaTeX Warning: Citation `arias-lune' on page 10 undefined on input line 223.

[10 <./Integerconvergence_t_and_x_direction.png>]

LaTeX Warning: Reference `Zero' on page 11 undefined on input line 227.


LaTeX Warning: Citation `brad' on page 11 undefined on input line 227.

LaTeX Font Info:    Try loading font information for OT1+txtt on input line 237.
("C:\Program Files\MiKTeX 2.9\tex\latex\txfonts\ot1txtt.fd"
File: ot1txtt.fd 2000/12/15 v3.1
)) (dynamics.tex [11]

LaTeX Warning: Reference `ubc-0' on page 12 undefined on input line 3.


LaTeX Warning: Reference `htdef' on page 12 undefined on input line 3.


LaTeX Warning: Reference `htdef' on page 12 undefined on input line 3.


LaTeX Warning: Reference `zjk' on page 12 undefined on input line 25.


LaTeX Warning: Citation `csv' on page 12 undefined on input line 25.

[12]

LaTeX Warning: Reference `heform' on page 13 undefined on input line 32.


LaTeX Warning: Reference `htdef' on page 13 undefined on input line 39.


LaTeX Warning: Reference `tzj' on page 13 undefined on input line 55.


LaTeX Warning: Reference `htz-eq' on page 13 undefined on input line 55.

[13]

LaTeX Warning: Reference `back' on page 14 undefined on input line 59.


LaTeX Warning: Reference `heform2' on page 14 undefined on input line 61.


LaTeX Warning: Citation `debr' on page 14 undefined on input line 73.


LaTeX Warning: Reference `ubc-0' on page 14 undefined on input line 76.


LaTeX Warning: Reference `debr-bound' on page 14 undefined on input line 87.


LaTeX Warning: Reference `dynam' on page 14 undefined on input line 89.


LaTeX Warning: Reference `htdef' on page 14 undefined on input line 89.

[14]

LaTeX Warning: Reference `dynam' on page 15 undefined on input line 93.


LaTeX Warning: Reference `dynam' on page 15 undefined on input line 93.


LaTeX Warning: Reference `zjk' on page 15 undefined on input line 93.


LaTeX Warning: Reference `im' on page 15 undefined on input line 99.


LaTeX Warning: Reference `dynam' on page 15 undefined on input line 101.


LaTeX Warning: Reference `im' on page 15 undefined on input line 101.


LaTeX Warning: Reference `debr-bound' on page 15 undefined on input line 107.


LaTeX Warning: Reference `ubc' on page 15 undefined on input line 110.


LaTeX Warning: Reference `debr-bound' on page 15 undefined on input line 110.


LaTeX Warning: Reference `ubc-0' on page 15 undefined on input line 110.


LaTeX Warning: Reference `hoz' on page 15 undefined on input line 110.


LaTeX Warning: Reference `sas' on page 15 undefined on input line 110.


LaTeX Warning: Reference `ubc' on page 15 undefined on input line 110.


LaTeX Warning: Reference `debr-bound' on page 15 undefined on input line 110.

) (heatflow.tex

LaTeX Warning: Reference `eff' on page 15 undefined on input line 3.


LaTeX Warning: Reference `gaussian' on page 15 undefined on input line 3.

[15]

LaTeX Warning: Reference `hoz' on page 16 undefined on input line 11.


LaTeX Warning: Reference `htz' on page 16 undefined on input line 16.


LaTeX Warning: Reference `htz' on page 16 undefined on input line 16.


LaTeX Warning: Citation `titch' on page 16 undefined on input line 19.


LaTeX Warning: Reference `htz' on page 16 undefined on input line 33.


LaTeX Warning: Reference `xio' on page 16 undefined on input line 33.

[16]

LaTeX Warning: Reference `rtn-def' on page 17 undefined on input line 52.


LaTeX Warning: Reference `RTN-def' on page 17 undefined on input line 52.

) (elementary.tex

LaTeX Warning: Reference `eff' on page 17 undefined on input line 3.

[17]

LaTeX Warning: Citation `boyd' on page 18 undefined on input line 41.

[18]) (initial.tex

LaTeX Warning: Reference `eff' on page 19 undefined on input line 3.


LaTeX Warning: Reference `htz-expand' on page 19 undefined on input line 4.


LaTeX Warning: Reference `region' on page 19 undefined on input line 4.


LaTeX Warning: Reference `heatflow-sec' on page 19 undefined on input line 6.


LaTeX Warning: Reference `alpha-def' on page 19 undefined on input line 10.


LaTeX Warning: Reference `alpha-form' on page 19 undefined on input line 10.

[19]

LaTeX Warning: Reference `elem-lem' on page 20 undefined on input line 21.


LaTeX Warning: Reference `Mt-def' on page 20 undefined on input line 23.


LaTeX Warning: Reference `bn-def' on page 20 undefined on input line 23.


LaTeX Warning: Reference `ron-def' on page 20 undefined on input line 35.


LaTeX Warning: Reference `M-def' on page 20 undefined on input line 35.


LaTeX Warning: Reference `elem-lem' on page 20 undefined on input line 35.


LaTeX Warning: Reference `alpha-form' on page 20 undefined on input line 44.


LaTeX Warning: Reference `rtn-def' on page 20 undefined on input line 49.


Overfull \hbox (38.62108pt too wide) detected at line 54
[]
 []


LaTeX Warning: Reference `iman' on page 20 undefined on input line 55.


LaTeX Warning: Reference `alpha-deriv-bound' on page 20 undefined on input line 58.

[20]

LaTeX Warning: Reference `logM' on page 21 undefined on input line 60.


LaTeX Warning: Reference `alphan-def' on page 21 undefined on input line 67.


LaTeX Warning: Reference `Mt-def' on page 21 undefined on input line 67.


LaTeX Warning: Reference `bn-def' on page 21 undefined on input line 67.


LaTeX Warning: Reference `elem-lem' on page 21 undefined on input line 71.


LaTeX Warning: Reference `gaussian' on page 21 undefined on input line 79.


LaTeX Warning: Reference `elem-lem' on page 21 undefined on input line 81.


LaTeX Warning: Citation `arias' on page 21 undefined on input line 88.


LaTeX Warning: Reference `RON-def' on page 21 undefined on input line 88.

[21]

LaTeX Warning: Citation `arias' on page 22 undefined on input line 123.


LaTeX Warning: Citation `arias' on page 22 undefined on input line 123.


LaTeX Warning: Citation `arias' on page 22 undefined on input line 123.


LaTeX Warning: Citation `arias' on page 22 undefined on input line 123.


LaTeX Warning: Citation `arias' on page 22 undefined on input line 130.


LaTeX Warning: Reference `c0p' on page 22 undefined on input line 130.

<C0_p.png, id=100, 565.8741pt x 423.5022pt>
File: C0_p.png Graphic file (type png)
<use C0_p.png>
Package pdftex.def Info: C0_p.png  used on input line 133.
(pdftex.def)             Requested size: 292.77629pt x 219.12384pt.
[22]

LaTeX Warning: Reference `RON-def' on page 23 undefined on input line 138.


LaTeX Warning: Reference `M-def' on page 23 undefined on input line 138.


LaTeX Warning: Reference `a-def' on page 23 undefined on input line 151.


LaTeX Warning: Reference `N-def' on page 23 undefined on input line 151.


LaTeX Warning: Reference `U-def' on page 23 undefined on input line 151.


LaTeX Warning: Reference `C0-def' on page 23 undefined on input line 151.

[23 <./C0_p.png>]

LaTeX Warning: Reference `RTN-def' on page 24 undefined on input line 161.


LaTeX Warning: Reference `RON-def' on page 24 undefined on input line 163.


Overfull \hbox (6.45036pt too wide) detected at line 165
\OML/txmi/m/it/10.95 R[]\OT1/txr/m/n/10.95 (\OML/txmi/m/it/10.95  \OT1/txr/m/n/10.95 + \OML/txmi/m/it/10.95 iT[] \OT1/t
xr/m/n/10.95 + []\OML/txmi/m/it/10.95 v\OT1/txr/m/n/10.95 ) = [][]\OML/txmi/m/it/10.95 []\OT1/txr/m/n/10.95   [] (\OMS/
txsy/m/n/10.95  \OT1/txr/m/n/10.95 1)[]\OML/txmi/m/it/10.95 Ua[] []
 []


LaTeX Warning: Reference `M-def' on page 24 undefined on input line 166.


LaTeX Warning: Reference `elem-lem' on page 24 undefined on input line 166.


Overfull \hbox (49.59889pt too wide) detected at line 168
\OML/txmi/m/it/10.95 R[]\OT1/txr/m/n/10.95 (\OML/txmi/m/it/10.95  \OT1/txr/m/n/10.95 + \OML/txmi/m/it/10.95 iT[] \OT1/t
xr/m/n/10.95 + []\OML/txmi/m/it/10.95 v\OT1/txr/m/n/10.95 ) = \OML/txmi/m/it/10.95 M[]\OT1/txr/m/n/10.95 (\OML/txmi/m/it
/10.95 s[]\OT1/txr/m/n/10.95 ) [] [] (\OMS/txsy/m/n/10.95  \OT1/txr/m/n/10.95 1)[]\OML/txmi/m/it/10.95 Ua[] [] :
 []


LaTeX Warning: Reference `alpha-deriv-bound' on page 24 undefined on input line 169.


LaTeX Warning: Reference `logM' on page 24 undefined on input line 169.


LaTeX Warning: Reference `alpha-form' on page 24 undefined on input line 171.


LaTeX Warning: Reference `a-def' on page 24 undefined on input line 171.

[24]

LaTeX Warning: Reference `elem-lem' on page 25 undefined on input line 189.


LaTeX Warning: Reference `gaussian' on page 25 undefined on input line 197.


LaTeX Warning: Reference `elem-lem' on page 25 undefined on input line 199.


LaTeX Warning: Reference `arias-prop' on page 25 undefined on input line 214.

[25]

LaTeX Warning: Reference `laf' on page 26 undefined on input line 229.


LaTeX Warning: Reference `u0' on page 26 undefined on input line 233.


LaTeX Warning: Reference `elem-lem' on page 26 undefined on input line 235.


LaTeX Warning: Reference `laf' on page 26 undefined on input line 241.


LaTeX Warning: Reference `elem-lem' on page 26 undefined on input line 243.


LaTeX Warning: Reference `laf' on page 26 undefined on input line 245.

[26]

LaTeX Warning: Reference `gaussian' on page 27 undefined on input line 260.


LaTeX Warning: Reference `elem-lem' on page 27 undefined on input line 268.


LaTeX Warning: Reference `elem-lem' on page 27 undefined on input line 274.


LaTeX Warning: Reference `elem-lem' on page 27 undefined on input line 279.

[27]

LaTeX Warning: Reference `delta1' on page 28 undefined on input line 289.


LaTeX Warning: Reference `hit' on page 28 undefined on input line 292.


LaTeX Warning: Reference `hit2' on page 28 undefined on input line 292.


LaTeX Warning: Reference `delta3-def' on page 28 undefined on input line 308.

[28]

LaTeX Warning: Reference `eep' on page 29 undefined on input line 324.


LaTeX Warning: Reference `cop' on page 29 undefined on input line 324.


LaTeX Warning: Reference `rtnst' on page 29 undefined on input line 324.


LaTeX Warning: Reference `rtn-prop' on page 29 undefined on input line 330.


LaTeX Warning: Reference `RTN-prop' on page 29 undefined on input line 330.


LaTeX Warning: Reference `htz-expand' on page 29 undefined on input line 330.


LaTeX Warning: Reference `region' on page 29 undefined on input line 332.


LaTeX Warning: Reference `a-def' on page 29 undefined on input line 336.


LaTeX Warning: Reference `N-def' on page 29 undefined on input line 336.


LaTeX Warning: Reference `U-def' on page 29 undefined on input line 336.


LaTeX Warning: Reference `C0-def' on page 29 undefined on input line 336.


LaTeX Warning: Reference `Mt-def' on page 29 undefined on input line 342.


LaTeX Warning: Reference `bn-def' on page 29 undefined on input line 342.

[29]

LaTeX Warning: Reference `eps-def' on page 30 undefined on input line 351.


LaTeX Warning: Reference `epsp-def' on page 30 undefined on input line 351.


LaTeX Warning: Reference `cop' on page 30 undefined on input line 354.


LaTeX Warning: Reference `abc-cor' on page 30 undefined on input line 356.


LaTeX Warning: Reference `eff' on page 30 undefined on input line 364.


LaTeX Warning: Reference `bo-def' on page 30 undefined on input line 364.


LaTeX Warning: Reference `ft-def' on page 30 undefined on input line 364.


LaTeX Warning: Reference `lambda-def' on page 30 undefined on input line 379.


LaTeX Warning: Reference `sn-def' on page 30 undefined on input line 379.


LaTeX Warning: Reference `kappa-def' on page 30 undefined on input line 379.


LaTeX Warning: Reference `tp-def' on page 30 undefined on input line 379.


LaTeX Warning: Reference `a-def' on page 30 undefined on input line 379.


LaTeX Warning: Reference `N-def' on page 30 undefined on input line 379.


LaTeX Warning: Reference `N-def-main' on page 30 undefined on input line 379.

[30]

LaTeX Warning: Reference `eff' on page 31 undefined on input line 381.


LaTeX Warning: Reference `ec-bound' on page 31 undefined on input line 404.


LaTeX Warning: Reference `estimates' on page 31 undefined on input line 404.


Overfull \hbox (16.23422pt too wide) in paragraph at lines 407--408
[]\OT1/txr/m/n/10.95 From the mean value the-o-rem (and not-ing that $\OML/txmi/m/it/10.95 M[] \OT1/txr/m/n/10.95 = \OML
/txmi/m/it/10.95 M[]$\OT1/txr/m/n/10.95 , so that $[] = []$),
 []


LaTeX Warning: Reference `alpha-def' on page 31 undefined on input line 409.


LaTeX Warning: Reference `Mt-def' on page 31 undefined on input line 409.


LaTeX Warning: Reference `alpha-deriv-bound' on page 31 undefined on input line 411.

[31]

LaTeX Warning: Reference `alpha-form' on page 32 undefined on input line 417.


LaTeX Warning: Reference `region' on page 32 undefined on input line 428.


LaTeX Warning: Reference `elem-lem' on page 32 undefined on input line 432.


LaTeX Warning: Reference `s-def' on page 32 undefined on input line 436.


LaTeX Warning: Reference `alpha-form' on page 32 undefined on input line 438.

[32]

LaTeX Warning: Reference `alphap-b' on page 33 undefined on input line 447.


LaTeX Warning: Reference `asig' on page 33 undefined on input line 447.


LaTeX Warning: Reference `region' on page 33 undefined on input line 456.


LaTeX Warning: Reference `region' on page 33 undefined on input line 460.


LaTeX Warning: Reference `elem-lem' on page 33 undefined on input line 460.


LaTeX Warning: Reference `region' on page 33 undefined on input line 466.


LaTeX Warning: Reference `eps-def' on page 33 undefined on input line 468.


LaTeX Warning: Reference `ea-def' on page 33 undefined on input line 471.


LaTeX Warning: Reference `eb-def' on page 33 undefined on input line 471.


LaTeX Warning: Reference `Mt-def' on page 33 undefined on input line 473.


LaTeX Warning: Reference `alpha-deriv-bound' on page 33 undefined on input line 476.

[33]

LaTeX Warning: Reference `alpha-form' on page 34 undefined on input line 480.


LaTeX Warning: Reference `alphn' on page 34 undefined on input line 493.


LaTeX Warning: Reference `region' on page 34 undefined on input line 498.


LaTeX Warning: Reference `elem-lem' on page 34 undefined on input line 507.


LaTeX Warning: Reference `region' on page 34 undefined on input line 507.


LaTeX Warning: Reference `epsp-def' on page 34 undefined on input line 509.

) (dirichlet.tex

LaTeX Warning: Reference `zero-test' on page 34 undefined on input line 3.


LaTeX Warning: Reference `ft-def' on page 34 undefined on input line 3.


LaTeX Warning: Reference `region' on page 34 undefined on input line 4.

[34]

LaTeX Warning: Reference `Delta-def' on page 35 undefined on input line 13.

[35]

LaTeX Warning: Reference `dirb' on page 36 undefined on input line 57.


LaTeX Warning: Reference `estimates' on page 36 undefined on input line 61.


LaTeX Warning: Reference `dirb' on page 36 undefined on input line 61.


LaTeX Warning: Reference `dirb' on page 36 undefined on input line 61.

[36]

LaTeX Warning: Reference `estimates' on page 37 undefined on input line 66.


LaTeX Warning: Reference `dirb' on page 37 undefined on input line 66.


LaTeX Warning: Reference `dirb' on page 37 undefined on input line 66.


LaTeX Warning: Reference `x-adv' on page 37 undefined on input line 79.


LaTeX Warning: Reference `ld' on page 37 undefined on input line 79.


LaTeX Warning: Reference `ld' on page 37 undefined on input line 81.


LaTeX Warning: Reference `criterion' on page 37 undefined on input line 81.

[37]
<euler_product_approximation.png, id=153, 424.08438pt x 183.68625pt>
File: euler_product_approximation.png Graphic file (type png)
<use euler_product_approximation.png>
Package pdftex.def Info: euler_product_approximation.png  used on input line 99.
(pdftex.def)             Requested size: 418.25368pt x 181.16884pt.


LaTeX Warning: `!h' float specifier changed to `!ht'.

) (estimating.tex

LaTeX Warning: Reference `x-init' on page 38 undefined on input line 3.

[38]

LaTeX Warning: Reference `rado' on page 39 undefined on input line 28.


LaTeX Warning: Reference `largen' on page 39 undefined on input line 33.


LaTeX Warning: Reference `ubc-0' on page 39 undefined on input line 38.


LaTeX Warning: Reference `zero-test' on page 39 undefined on input line 38.


LaTeX Warning: Reference `ft-def' on page 39 undefined on input line 38.


LaTeX Warning: Reference `bn-def' on page 39 undefined on input line 42.


LaTeX Warning: Reference `lambda-def' on page 39 undefined on input line 42.


LaTeX Warning: Reference `N-def-main' on page 39 undefined on input line 42.

[39 <./euler_product_approximation.png>]

LaTeX Warning: Reference `sn-def' on page 40 undefined on input line 46.


LaTeX Warning: Reference `kappa-def' on page 40 undefined on input line 46.


LaTeX Warning: Reference `fts' on page 40 undefined on input line 48.

[40]

LaTeX Warning: Citation `github' on page 41 undefined on input line 74.

) (zerofree.tex

LaTeX Warning: Reference `new-upper' on page 41 undefined on input line 3.


LaTeX Warning: Reference `ubc-0' on page 41 undefined on input line 3.


LaTeX Warning: Citation `platt' on page 41 undefined on input line 5.


LaTeX Warning: Reference `region' on page 41 undefined on input line 10.


LaTeX Warning: Reference `zero-test' on page 41 undefined on input line 10.

[41]

LaTeX Warning: Reference `eff' on page 42 undefined on input line 27.


LaTeX Warning: Reference `bbb' on page 42 undefined on input line 33.


LaTeX Warning: Reference `sweep' on page 42 undefined on input line 35.


LaTeX Warning: Reference `eff' on page 42 undefined on input line 40.


LaTeX Warning: Reference `elem-lem' on page 42 undefined on input line 52.


LaTeX Warning: Reference `region' on page 42 undefined on input line 52.


LaTeX Warning: Reference `eff' on page 42 undefined on input line 61.


LaTeX Warning: Reference `fnt-def' on page 42 undefined on input line 61.


Overfull \hbox (20.57095pt too wide) detected at line 66
[]
 []

[42]

LaTeX Warning: Reference `elem-lem' on page 43 undefined on input line 67.


LaTeX Warning: Reference `estimates' on page 43 undefined on input line 77.


LaTeX Warning: Reference `kappa-bound' on page 43 undefined on input line 77.


LaTeX Warning: Reference `bn-def' on page 43 undefined on input line 88.


LaTeX Warning: Reference `dela' on page 43 undefined on input line 94.

[43]

LaTeX Warning: Reference `elem-lem' on page 44 undefined on input line 100.


LaTeX Warning: Reference `estimates' on page 44 undefined on input line 106.


LaTeX Warning: Reference `elem-lem' on page 44 undefined on input line 108.


LaTeX Warning: Reference `region' on page 44 undefined on input line 108.


Overfull \hbox (31.33856pt too wide) detected at line 114
[]
 []


Overfull \hbox (31.33856pt too wide) in alignment at lines 113--114
[] [] 
 []


LaTeX Warning: Reference `Fast' on page 44 undefined on input line 137.

[44]

LaTeX Warning: Reference `cond' on page 45 undefined on input line 148.


LaTeX Warning: Reference `cond' on page 45 undefined on input line 148.


LaTeX Warning: Reference `cond' on page 45 undefined on input line 148.


LaTeX Warning: Reference `region' on page 45 undefined on input line 152.


Overfull \hbox (18.44473pt too wide) detected at line 162
[]
 []

[45]

LaTeX Warning: Reference `sn-def' on page 46 undefined on input line 178.


LaTeX Warning: Reference `alpha-deriv-bound' on page 46 undefined on input line 178.


LaTeX Warning: Reference `lambda-def' on page 46 undefined on input line 185.


LaTeX Warning: Reference `Mt-def' on page 46 undefined on input line 185.


LaTeX Warning: Reference `alpha-def' on page 46 undefined on input line 187.


LaTeX Warning: Reference `alpha-deriv-bound' on page 46 undefined on input line 190.


Overfull \hbox (82.23111pt too wide) detected at line 193
\OMS/txsy/m/n/10.95 j[]j  [] [] [] \OT1/txr/m/n/10.95 + \OMS/txsy/m/n/10.95 j\OML/txmi/m/it/10.95 \OMS/txsy/m/n/10.95 
j [] [] [] \OML/txmi/m/it/10.95 :
 []


LaTeX Warning: Reference `alpha-form' on page 46 undefined on input line 194.

[46]

LaTeX Warning: Reference `ftne' on page 47 undefined on input line 209.


Overfull \hbox (93.05212pt too wide) detected at line 212
[] \OT1/txr/m/n/10.95 = [] [] [] + \OML/txmi/m/it/10.95  [] [] [] :
 []


LaTeX Warning: Reference `alpha-deriv-bound' on page 47 undefined on input line 213.


LaTeX Warning: Reference `alpha-form' on page 47 undefined on input line 213.

[47] [48]

LaTeX Warning: Reference `x-init' on page 49 undefined on input line 320.


LaTeX Warning: Reference `largen' on page 49 undefined on input line 326.


LaTeX Warning: Reference `kappa-bound' on page 49 undefined on input line 326.


LaTeX Warning: Reference `gamma-bound' on page 49 undefined on input line 328.


LaTeX Warning: Reference `res-bound' on page 49 undefined on input line 331.

[49]

LaTeX Warning: Reference `largen' on page 50 undefined on input line 337.


LaTeX Warning: Reference `nan' on page 50 undefined on input line 337.

<B_vs_N.png, id=193, 425.6703pt x 281.1303pt>
File: B_vs_N.png Graphic file (type png)
<use B_vs_N.png>
Package pdftex.def Info: B_vs_N.png  used on input line 352.
(pdftex.def)             Requested size: 292.77629pt x 193.36668pt.
) (asymptotic.tex

LaTeX Warning: Reference `eff' on page 50 undefined on input line 3.


LaTeX Warning: Citation `kkl' on page 50 undefined on input line 3.


LaTeX Warning: Reference `Zero' on page 50 undefined on input line 3.

[50 <./B_vs_N.png>]

LaTeX Warning: Reference `Mt-def' on page 51 undefined on input line 11.


LaTeX Warning: Reference `lambda-def' on page 51 undefined on input line 20.


LaTeX Warning: Reference `bo-def' on page 51 undefined on input line 20.


LaTeX Warning: Reference `eff' on page 51 undefined on input line 22.


LaTeX Warning: Reference `initial-sec' on page 51 undefined on input line 22.

[51]

LaTeX Warning: Reference `bn-def' on page 52 undefined on input line 39.


LaTeX Warning: Reference `exp' on page 52 undefined on input line 47.

[52]

LaTeX Warning: Reference `exp' on page 53 undefined on input line 69.


LaTeX Warning: Reference `Mt-def' on page 53 undefined on input line 71.


LaTeX Warning: Reference `M-def' on page 53 undefined on input line 71.


LaTeX Warning: Reference `alpha-form' on page 53 undefined on input line 71.


LaTeX Warning: Reference `Mt-def' on page 53 undefined on input line 86.


LaTeX Warning: Reference `alpha-def' on page 53 undefined on input line 86.


LaTeX Warning: Reference `alpha-form' on page 53 undefined on input line 90.


LaTeX Warning: Reference `alpha-deriv-bound' on page 53 undefined on input line 94.

[53]
Overfull \hbox (65.74248pt too wide) detected at line 108
[]
 []


LaTeX Warning: Reference `Zero' on page 54 undefined on input line 112.


LaTeX Warning: Reference `asymp' on page 54 undefined on input line 113.


LaTeX Warning: Reference `mtform' on page 54 undefined on input line 113.


LaTeX Warning: Reference `mtform' on page 54 undefined on input line 120.


LaTeX Warning: Reference `lip' on page 54 undefined on input line 120.


LaTeX Warning: Citation `debr' on page 54 undefined on input line 137.


LaTeX Warning: Reference `lip' on page 54 undefined on input line 139.


LaTeX Warning: Reference `htap' on page 54 undefined on input line 139.

[54]

LaTeX Warning: Reference `ht-eff' on page 55 undefined on input line 146.


LaTeX Warning: Reference `asymp' on page 55 undefined on input line 150.


LaTeX Warning: Reference `htap' on page 55 undefined on input line 150.


LaTeX Warning: Reference `mtform' on page 55 undefined on input line 152.


LaTeX Warning: Reference `htdef' on page 55 undefined on input line 154.

[55]

LaTeX Warning: Reference `asymp' on page 56 undefined on input line 162.


LaTeX Warning: Reference `asymp' on page 56 undefined on input line 166.


LaTeX Warning: Reference `Zero' on page 56 undefined on input line 168.


LaTeX Warning: Citation `csv' on page 56 undefined on input line 171.


LaTeX Warning: Citation `csv' on page 56 undefined on input line 173.


LaTeX Warning: Reference `Zero' on page 56 undefined on input line 173.


LaTeX Warning: Reference `time-complexity' on page 56 undefined on input line 173.

[56]

LaTeX Warning: Citation `csv' on page 57 undefined on input line 175.


LaTeX Warning: Reference `asymp' on page 57 undefined on input line 177.


LaTeX Warning: Reference `Zero' on page 57 undefined on input line 177.

<real_zeros_solid.png, id=217, 365.6862pt x 279.6849pt>
File: real_zeros_solid.png Graphic file (type png)
<use real_zeros_solid.png>
Package pdftex.def Info: real_zeros_solid.png  used on input line 183.
(pdftex.def)             Requested size: 376.42575pt x 287.92076pt.
<Actual_trajectories_zeros.png, id=218, 792.9625pt x 549.05125pt>
File: Actual_trajectories_zeros.png Graphic file (type png)
<use Actual_trajectories_zeros.png>
Package pdftex.def Info: Actual_trajectories_zeros.png  used on input line 188.
(pdftex.def)             Requested size: 376.42575pt x 260.64287pt.

LaTeX Warning: `!h' float specifier changed to `!ht'.

) (further.tex

LaTeX Warning: Reference `Zero' on page 57 undefined on input line 3.


LaTeX Warning: Reference `ubc-0' on page 57 undefined on input line 3.


LaTeX Warning: Reference `ubc-0' on page 57 undefined on input line 3.

[57 <./real_zeros_solid.png>]

LaTeX Warning: Reference `dynam' on page 58 undefined on input line 5.


LaTeX Warning: Reference `ubc-0' on page 58 undefined on input line 7.


LaTeX Warning: Reference `newup-sec' on page 58 undefined on input line 7.


LaTeX Warning: Reference `newup-sec' on page 58 undefined on input line 7.


Underfull \vbox (badness 1540) has occurred while \output is active []

 [58 <./Actual_trajectories_zeros.png>]
Overfull \hbox (7.64595pt too wide) in paragraph at lines 13--27
 [] 
 []

) [59] [60] (debruijn.aux)

LaTeX Warning: There were undefined references.


LaTeX Warning: Label(s) may have changed. Rerun to get cross-references right.

 ) 
Here is how much of TeX's memory you used:
 5956 strings out of 493303
 86229 string characters out of 3138857
 161493 words of memory out of 3000000
 9173 multiletter control sequences out of 15000+200000
 42145 words of font info for 106 fonts, out of 3000000 for 9000
 1302 hyphenation exceptions out of 8191
 55i,21n,39p,1491b,353s stack positions out of 5000i,500n,10000p,200000b,50000s
{C:/Program Files/MiKTeX 2.9/fonts/enc/dvips/base/8r.enc}<C:/Program Files/MiKTeX 2.9/fonts/type1/public/txfonts/rtxb.
pfb><C:/Program Files/MiKTeX 2.9/fonts/type1/public/txfonts/rtxi.pfb><C:/Program Files/MiKTeX 2.9/fonts/type1/public/txf
onts/rtxmi.pfb><C:/Program Files/MiKTeX 2.9/fonts/type1/public/txfonts/rtxr.pfb><C:/Program Files/MiKTeX 2.9/fonts/type1
/public/txfonts/rtxsc.pfb><C:/Program Files/MiKTeX 2.9/fonts/type1/public/txfonts/txex.pfb><C:/Program Files/MiKTeX 2.9/
fonts/type1/public/txfonts/txsy.pfb><C:/Program Files/MiKTeX 2.9/fonts/type1/public/txfonts/txsya.pfb><C:/Program Files/
MiKTeX 2.9/fonts/type1/public/txfonts/txsyb.pfb><C:/Program Files/MiKTeX 2.9/fonts/type1/public/txfonts/txsyc.pfb><C:/Pr
ogram Files/MiKTeX 2.9/fonts/type1/public/txfonts/txtt.pfb><C:/Program Files/MiKTeX 2.9/fonts/type1/urw/times/utmb8a.pfb
><C:/Program Files/MiKTeX 2.9/fonts/type1/urw/times/utmr8a.pfb><C:/Program Files/MiKTeX 2.9/fonts/type1/urw/times/utmri8
a.pfb>
Output written on debruijn.pdf (60 pages, 1624010 bytes).
PDF statistics:
 280 PDF objects out of 1000 (max. 8388607)
 0 named destinations out of 1000 (max. 500000)
 71 words of extra memory for PDF output out of 10000 (max. 10000000)

